2021-04-28T10:18:21.449Z libp2p:dht:net:QmauFRjt added to the routing table: QmVuCXCDyCUiMZca6r27qwtbXBC8vAY5zDpwZDjYHCNL9p
2021-04-28T10:18:29.550Z libp2p:dht:peer-queue enqueue QmVuCXCDyCUiMZca6r27qwtbXBC8vAY5zDpwZDjYHCNL9p
2021-04-28T10:18:29.550Z libp2p:dht:peer-queue dequeue QmVuCXCDyCUiMZca6r27qwtbXBC8vAY5zDpwZDjYHCNL9p
2021-04-28T10:18:29.551Z libp2p:dht:QmauFRjt findPeerSingle QmVuCXCDyCUiMZca6r27qwtbXBC8vAY5zDpwZDjYHCNL9p
2021-04-28T10:18:29.551Z libp2p:dht:net:QmauFRjt sending to: QmVuCXCDyCUiMZca6r27qwtbXBC8vAY5zDpwZDjYHCNL9p
2021-04-28T10:18:29.617Z libp2p:dht:rpc:QmauFRjt from: QmVuCXCDyCUiMZca6r27qwtbXBC8vAY5zDpwZDjYHCNL9p
2021-04-28T10:18:29.686Z libp2p:dht:QmVuCXCD getClosestPeers to QmVuCXCDyCUiMZca6r27qwtbXBC8vAY5zDpwZDjYHCNL9p
2021-04-28T10:18:29.686Z libp2p:dht:query:QmVuCXCDyCUiMZca6r27qwtbXBC8vAY5zDpwZDjYHCNL9p:QmVuCXCD query running with K=20, A=3, D=1
2021-04-28T10:18:29.686Z libp2p:dht:query:QmVuCXCDyCUiMZca6r27qwtbXBC8vAY5zDpwZDjYHCNL9p:QmVuCXCD query:start
2021-04-28T10:18:29.686Z libp2p:dht:query:QmVuCXCDyCUiMZca6r27qwtbXBC8vAY5zDpwZDjYHCNL9p:QmVuCXCD queue:work
2021-04-28T10:18:29.687Z libp2p:dht:peer-queue enqueue QmVuCXCDyCUiMZca6r27qwtbXBC8vAY5zDpwZDjYHCNL9p
2021-04-28T10:18:29.687Z libp2p:dht:peer-queue dequeue QmVuCXCDyCUiMZca6r27qwtbXBC8vAY5zDpwZDjYHCNL9p
2021-04-28T10:18:29.688Z libp2p:dht:QmauFRjt closerPeersSingle ciqlvjqvu2ghqs4crrnkwkeotiup2kyslbb2tufo3y3kjfgfm4j6y6q from QmVuCXCDyCUiMZca6r27qwtbXBC8vAY5zDpwZDjYHCNL9p
2021-04-28T10:18:29.688Z libp2p:dht:QmauFRjt findPeerSingle QmVuCXCDyCUiMZca6r27qwtbXBC8vAY5zDpwZDjYHCNL9p
2021-04-28T10:18:29.688Z libp2p:dht:net:QmauFRjt sending to: QmVuCXCDyCUiMZca6r27qwtbXBC8vAY5zDpwZDjYHCNL9p
2021-04-28T10:18:29.738Z libp2p:dht:rpc:QmauFRjt from: QmVuCXCDyCUiMZca6r27qwtbXBC8vAY5zDpwZDjYHCNL9p
2021-04-28T10:18:29.946Z libp2p:dht:peer-queue enqueue QmVuCXCDyCUiMZca6r27qwtbXBC8vAY5zDpwZDjYHCNL9p
2021-04-28T10:18:29.947Z libp2p:dht:peer-queue dequeue QmVuCXCDyCUiMZca6r27qwtbXBC8vAY5zDpwZDjYHCNL9p
2021-04-28T10:18:29.947Z libp2p:dht:QmRgdJzx findPeerSingle QmVuCXCDyCUiMZca6r27qwtbXBC8vAY5zDpwZDjYHCNL9p
2021-04-28T10:18:29.947Z libp2p:dht:net:QmRgdJzx sending to: QmVuCXCDyCUiMZca6r27qwtbXBC8vAY5zDpwZDjYHCNL9p
2021-04-28T10:18:30.161Z libp2p:dht:query:QmVuCXCDyCUiMZca6r27qwtbXBC8vAY5zDpwZDjYHCNL9p:QmVuCXCD queue:work:done undefined undefined
2021-04-28T10:18:30.161Z libp2p:dht:query:QmVuCXCDyCUiMZca6r27qwtbXBC8vAY5zDpwZDjYHCNL9p:QmVuCXCD queue:work
2021-04-28T10:18:30.384Z libp2p:dht:peer-queue enqueue QmVuCXCDyCUiMZca6r27qwtbXBC8vAY5zDpwZDjYHCNL9p
2021-04-28T10:18:30.384Z libp2p:dht:peer-queue dequeue QmVuCXCDyCUiMZca6r27qwtbXBC8vAY5zDpwZDjYHCNL9p
2021-04-28T10:18:30.384Z libp2p:dht:QmRgdJzx closerPeersSingle ciqddmiyqyn5dxrvvvyv36uxmr4mak7mwteogvwi57j7xut7buqfvfi from QmVuCXCDyCUiMZca6r27qwtbXBC8vAY5zDpwZDjYHCNL9p
2021-04-28T10:18:30.384Z libp2p:dht:QmRgdJzx findPeerSingle QmVuCXCDyCUiMZca6r27qwtbXBC8vAY5zDpwZDjYHCNL9p
2021-04-28T10:18:30.384Z libp2p:dht:net:QmRgdJzx sending to: QmVuCXCDyCUiMZca6r27qwtbXBC8vAY5zDpwZDjYHCNL9p
2021-04-28T10:18:33.350Z libp2p:dht:rpc:QmRgdJzx from: QmVuCXCDyCUiMZca6r27qwtbXBC8vAY5zDpwZDjYHCNL9p
2021-04-28T10:18:33.350Z libp2p:dht:rpc:QmRgdJzx from: QmVuCXCDyCUiMZca6r27qwtbXBC8vAY5zDpwZDjYHCNL9p
2021-04-28T10:18:33.352Z libp2p:dht:net:QmRgdJzx added to the routing table: QmVuCXCDyCUiMZca6r27qwtbXBC8vAY5zDpwZDjYHCNL9p
2021-04-28T10:18:33.457Z libp2p:dht:net:QmRgdJzx added to the routing table: QmVuCXCDyCUiMZca6r27qwtbXBC8vAY5zDpwZDjYHCNL9p
2021-04-28T10:18:33.754Z libp2p:dht:query:QmVuCXCDyCUiMZca6r27qwtbXBC8vAY5zDpwZDjYHCNL9p:QmVuCXCD queue:work:done undefined undefined
2021-04-28T10:18:33.754Z libp2p:dht:query:QmVuCXCDyCUiMZca6r27qwtbXBC8vAY5zDpwZDjYHCNL9p:QmVuCXCD queue:work
2021-04-28T10:18:33.755Z libp2p:dht:query:QmVuCXCDyCUiMZca6r27qwtbXBC8vAY5zDpwZDjYHCNL9p:QmVuCXCD queue:work
2021-04-28T10:18:33.939Z libp2p:dht:peer-queue enqueue QmVuCXCDyCUiMZca6r27qwtbXBC8vAY5zDpwZDjYHCNL9p
2021-04-28T10:18:33.941Z libp2p:dht:peer-queue dequeue QmVuCXCDyCUiMZca6r27qwtbXBC8vAY5zDpwZDjYHCNL9p
2021-04-28T10:18:33.941Z libp2p:dht:peer-queue enqueue QmVuCXCDyCUiMZca6r27qwtbXBC8vAY5zDpwZDjYHCNL9p
2021-04-28T10:18:33.941Z libp2p:dht:QmS4nFMq findPeerSingle QmVuCXCDyCUiMZca6r27qwtbXBC8vAY5zDpwZDjYHCNL9p
2021-04-28T10:18:33.941Z libp2p:dht:net:QmS4nFMq sending to: QmVuCXCDyCUiMZca6r27qwtbXBC8vAY5zDpwZDjYHCNL9p
2021-04-28T10:18:33.942Z libp2p:dht:peer-queue dequeue QmVuCXCDyCUiMZca6r27qwtbXBC8vAY5zDpwZDjYHCNL9p
2021-04-28T10:18:33.942Z libp2p:dht:QmS4nFMq closerPeersSingle ciqdoxp2tw2p4fd5o7x2vae25xmmjyadxzibjzweaxi557olskqh4dq from QmVuCXCDyCUiMZca6r27qwtbXBC8vAY5zDpwZDjYHCNL9p
2021-04-28T10:18:33.942Z libp2p:dht:QmS4nFMq findPeerSingle QmVuCXCDyCUiMZca6r27qwtbXBC8vAY5zDpwZDjYHCNL9p
2021-04-28T10:18:33.942Z libp2p:dht:net:QmS4nFMq sending to: QmVuCXCDyCUiMZca6r27qwtbXBC8vAY5zDpwZDjYHCNL9p
2021-04-28T10:18:34.183Z libp2p:dht:peer-queue enqueue QmVuCXCDyCUiMZca6r27qwtbXBC8vAY5zDpwZDjYHCNL9p
2021-04-28T10:18:34.184Z libp2p:dht:peer-queue dequeue QmVuCXCDyCUiMZca6r27qwtbXBC8vAY5zDpwZDjYHCNL9p
2021-04-28T10:18:34.184Z libp2p:dht:peer-queue enqueue QmVuCXCDyCUiMZca6r27qwtbXBC8vAY5zDpwZDjYHCNL9p
2021-04-28T10:18:34.184Z libp2p:dht:Qmaa6KKG findPeerSingle QmVuCXCDyCUiMZca6r27qwtbXBC8vAY5zDpwZDjYHCNL9p
2021-04-28T10:18:34.184Z libp2p:dht:net:Qmaa6KKG sending to: QmVuCXCDyCUiMZca6r27qwtbXBC8vAY5zDpwZDjYHCNL9p
2021-04-28T10:18:34.185Z libp2p:dht:peer-queue dequeue QmVuCXCDyCUiMZca6r27qwtbXBC8vAY5zDpwZDjYHCNL9p
2021-04-28T10:18:34.185Z libp2p:dht:Qmaa6KKG closerPeersSingle ciqllpn7mqnzzfxjidn5subxroht7gkevdesndoc7evv6rcnv5ssq6i from QmVuCXCDyCUiMZca6r27qwtbXBC8vAY5zDpwZDjYHCNL9p
2021-04-28T10:18:34.185Z libp2p:dht:Qmaa6KKG findPeerSingle QmVuCXCDyCUiMZca6r27qwtbXBC8vAY5zDpwZDjYHCNL9p
2021-04-28T10:18:34.185Z libp2p:dht:net:Qmaa6KKG sending to: QmVuCXCDyCUiMZca6r27qwtbXBC8vAY5zDpwZDjYHCNL9p
2021-04-28T10:18:39.857Z libp2p:dht:rpc:Qmaa6KKG from: QmVuCXCDyCUiMZca6r27qwtbXBC8vAY5zDpwZDjYHCNL9p
2021-04-28T10:18:39.857Z libp2p:dht:rpc:Qmaa6KKG from: QmVuCXCDyCUiMZca6r27qwtbXBC8vAY5zDpwZDjYHCNL9p
2021-04-28T10:18:39.858Z libp2p:dht:net:Qmaa6KKG added to the routing table: QmVuCXCDyCUiMZca6r27qwtbXBC8vAY5zDpwZDjYHCNL9p
2021-04-28T10:18:39.863Z libp2p:dht:rpc:QmS4nFMq from: QmVuCXCDyCUiMZca6r27qwtbXBC8vAY5zDpwZDjYHCNL9p
2021-04-28T10:18:39.863Z libp2p:dht:rpc:QmS4nFMq from: QmVuCXCDyCUiMZca6r27qwtbXBC8vAY5zDpwZDjYHCNL9p
2021-04-28T10:18:39.865Z libp2p:dht:net:QmS4nFMq added to the routing table: QmVuCXCDyCUiMZca6r27qwtbXBC8vAY5zDpwZDjYHCNL9p
2021-04-28T10:18:40.045Z libp2p:dht:net:QmS4nFMq added to the routing table: QmVuCXCDyCUiMZca6r27qwtbXBC8vAY5zDpwZDjYHCNL9p
2021-04-28T10:18:40.047Z libp2p:dht:net:Qmaa6KKG added to the routing table: QmVuCXCDyCUiMZca6r27qwtbXBC8vAY5zDpwZDjYHCNL9p
2021-04-28T10:18:40.580Z libp2p:dht:query:QmVuCXCDyCUiMZca6r27qwtbXBC8vAY5zDpwZDjYHCNL9p:QmVuCXCD queue:work:done undefined undefined
2021-04-28T10:18:40.580Z libp2p:dht:query:QmVuCXCDyCUiMZca6r27qwtbXBC8vAY5zDpwZDjYHCNL9p:QmVuCXCD queue:work
2021-04-28T10:18:40.580Z libp2p:dht:query:QmVuCXCDyCUiMZca6r27qwtbXBC8vAY5zDpwZDjYHCNL9p:QmVuCXCD queue:work
2021-04-28T10:18:40.583Z libp2p:dht:query:QmVuCXCDyCUiMZca6r27qwtbXBC8vAY5zDpwZDjYHCNL9p:QmVuCXCD queue:work:done undefined undefined
2021-04-28T10:18:40.583Z libp2p:dht:query:QmVuCXCDyCUiMZca6r27qwtbXBC8vAY5zDpwZDjYHCNL9p:QmVuCXCD queue:work
2021-04-28T10:18:40.810Z libp2p:dht:peer-queue enqueue QmVuCXCDyCUiMZca6r27qwtbXBC8vAY5zDpwZDjYHCNL9p
2021-04-28T10:18:40.810Z libp2p:dht:peer-queue dequeue QmVuCXCDyCUiMZca6r27qwtbXBC8vAY5zDpwZDjYHCNL9p
2021-04-28T10:18:40.810Z libp2p:dht:QmQLdEbu closerPeersSingle ciqb3nnu7n2zciruppwk3ly4e6veyp5lpis35icc75tptjucdzewx7q from QmVuCXCDyCUiMZca6r27qwtbXBC8vAY5zDpwZDjYHCNL9p
2021-04-28T10:18:40.810Z libp2p:dht:QmQLdEbu findPeerSingle QmVuCXCDyCUiMZca6r27qwtbXBC8vAY5zDpwZDjYHCNL9p
2021-04-28T10:18:40.810Z libp2p:dht:net:QmQLdEbu sending to: QmVuCXCDyCUiMZca6r27qwtbXBC8vAY5zDpwZDjYHCNL9p
2021-04-28T10:18:40.817Z libp2p:dht:peer-queue enqueue QmVuCXCDyCUiMZca6r27qwtbXBC8vAY5zDpwZDjYHCNL9p
2021-04-28T10:18:40.821Z libp2p:dht:peer-queue enqueue QmVuCXCDyCUiMZca6r27qwtbXBC8vAY5zDpwZDjYHCNL9p
2021-04-28T10:18:40.821Z libp2p:dht:peer-queue dequeue QmVuCXCDyCUiMZca6r27qwtbXBC8vAY5zDpwZDjYHCNL9p
2021-04-28T10:18:40.821Z libp2p:dht:QmXQvh6N closerPeersSingle ciqinumtxncspqr3kmaxkggjmplqmsz2p64mrlwir3no6gmrgidhzma from QmVuCXCDyCUiMZca6r27qwtbXBC8vAY5zDpwZDjYHCNL9p
2021-04-28T10:18:40.821Z libp2p:dht:QmXQvh6N findPeerSingle QmVuCXCDyCUiMZca6r27qwtbXBC8vAY5zDpwZDjYHCNL9p
2021-04-28T10:18:40.821Z libp2p:dht:net:QmXQvh6N sending to: QmVuCXCDyCUiMZca6r27qwtbXBC8vAY5zDpwZDjYHCNL9p
2021-04-28T10:18:40.828Z libp2p:dht:peer-queue enqueue QmVuCXCDyCUiMZca6r27qwtbXBC8vAY5zDpwZDjYHCNL9p
2021-04-28T10:18:40.829Z libp2p:dht:peer-queue dequeue QmVuCXCDyCUiMZca6r27qwtbXBC8vAY5zDpwZDjYHCNL9p
2021-04-28T10:18:40.829Z libp2p:dht:QmUtWHg2 closerPeersSingle ciqgctzpptrj3pxelgoron225rgretdn5rorzmgf5egy2ef7e3hmnza from QmVuCXCDyCUiMZca6r27qwtbXBC8vAY5zDpwZDjYHCNL9p
2021-04-28T10:18:40.829Z libp2p:dht:QmUtWHg2 findPeerSingle QmVuCXCDyCUiMZca6r27qwtbXBC8vAY5zDpwZDjYHCNL9p
2021-04-28T10:18:40.829Z libp2p:dht:net:QmUtWHg2 sending to: QmVuCXCDyCUiMZca6r27qwtbXBC8vAY5zDpwZDjYHCNL9p
2021-04-28T10:18:41.168Z libp2p:dht:peer-queue enqueue QmVuCXCDyCUiMZca6r27qwtbXBC8vAY5zDpwZDjYHCNL9p
2021-04-28T10:18:41.168Z libp2p:dht:peer-queue dequeue QmVuCXCDyCUiMZca6r27qwtbXBC8vAY5zDpwZDjYHCNL9p
2021-04-28T10:18:41.168Z libp2p:dht:QmR1TZ4J closerPeersSingle ciqcpkdjjbyq5cfx7zwdeyzgft22qfnmoygaqgcgfimwu4aafxmhciq from QmVuCXCDyCUiMZca6r27qwtbXBC8vAY5zDpwZDjYHCNL9p
2021-04-28T10:18:41.168Z libp2p:dht:QmR1TZ4J findPeerSingle QmVuCXCDyCUiMZca6r27qwtbXBC8vAY5zDpwZDjYHCNL9p
2021-04-28T10:18:41.168Z libp2p:dht:net:QmR1TZ4J sending to: QmVuCXCDyCUiMZca6r27qwtbXBC8vAY5zDpwZDjYHCNL9p
2021-04-28T10:18:51.591Z libp2p:dht:rpc:QmR1TZ4J from: QmVuCXCDyCUiMZca6r27qwtbXBC8vAY5zDpwZDjYHCNL9p
2021-04-28T10:18:51.593Z libp2p:dht:net:QmR1TZ4J added to the routing table: QmVuCXCDyCUiMZca6r27qwtbXBC8vAY5zDpwZDjYHCNL9p
2021-04-28T10:18:51.594Z libp2p:dht:rpc:QmQLdEbu from: QmVuCXCDyCUiMZca6r27qwtbXBC8vAY5zDpwZDjYHCNL9p
2021-04-28T10:18:51.595Z libp2p:dht:net:QmQLdEbu added to the routing table: QmVuCXCDyCUiMZca6r27qwtbXBC8vAY5zDpwZDjYHCNL9p
2021-04-28T10:18:51.599Z libp2p:dht:net:QmXQvh6N added to the routing table: QmVuCXCDyCUiMZca6r27qwtbXBC8vAY5zDpwZDjYHCNL9p
2021-04-28T10:18:51.604Z libp2p:dht:rpc:QmUtWHg2 from: QmVuCXCDyCUiMZca6r27qwtbXBC8vAY5zDpwZDjYHCNL9p
2021-04-28T10:18:51.605Z libp2p:dht:net:QmUtWHg2 added to the routing table: QmVuCXCDyCUiMZca6r27qwtbXBC8vAY5zDpwZDjYHCNL9p
2021-04-28T10:18:51.905Z libp2p:dht:net:QmQLdEbu added to the routing table: QmVuCXCDyCUiMZca6r27qwtbXBC8vAY5zDpwZDjYHCNL9p
2021-04-28T10:18:51.906Z libp2p:dht:net:QmXQvh6N added to the routing table: QmVuCXCDyCUiMZca6r27qwtbXBC8vAY5zDpwZDjYHCNL9p
2021-04-28T10:18:51.907Z libp2p:dht:net:QmUtWHg2 added to the routing table: QmVuCXCDyCUiMZca6r27qwtbXBC8vAY5zDpwZDjYHCNL9p
2021-04-28T10:18:51.908Z libp2p:dht:net:QmR1TZ4J added to the routing table: QmVuCXCDyCUiMZca6r27qwtbXBC8vAY5zDpwZDjYHCNL9p
2021-04-28T10:18:52.861Z libp2p:dht:query:QmVuCXCDyCUiMZca6r27qwtbXBC8vAY5zDpwZDjYHCNL9p:QmVuCXCD queue:work:done undefined undefined
2021-04-28T10:18:52.861Z libp2p:dht:query:QmVuCXCDyCUiMZca6r27qwtbXBC8vAY5zDpwZDjYHCNL9p:QmVuCXCD queue:work
2021-04-28T10:18:52.863Z libp2p:dht:query:QmVuCXCDyCUiMZca6r27qwtbXBC8vAY5zDpwZDjYHCNL9p:QmVuCXCD queue:work:done undefined undefined
2021-04-28T10:18:52.863Z libp2p:dht:query:QmVuCXCDyCUiMZca6r27qwtbXBC8vAY5zDpwZDjYHCNL9p:QmVuCXCD queue:work
2021-04-28T10:18:52.882Z libp2p:dht:query:QmVuCXCDyCUiMZca6r27qwtbXBC8vAY5zDpwZDjYHCNL9p:QmVuCXCD queue:work:done undefined undefined
2021-04-28T10:18:52.882Z libp2p:dht:query:QmVuCXCDyCUiMZca6r27qwtbXBC8vAY5zDpwZDjYHCNL9p:QmVuCXCD queue:work
2021-04-28T10:18:53.084Z libp2p:dht:peer-queue enqueue QmVuCXCDyCUiMZca6r27qwtbXBC8vAY5zDpwZDjYHCNL9p
2021-04-28T10:18:53.086Z libp2p:dht:peer-queue enqueue QmVuCXCDyCUiMZca6r27qwtbXBC8vAY5zDpwZDjYHCNL9p
2021-04-28T10:18:53.087Z libp2p:dht:peer-queue enqueue QmVuCXCDyCUiMZca6r27qwtbXBC8vAY5zDpwZDjYHCNL9p
2021-04-28T10:18:53.087Z libp2p:dht:peer-queue dequeue QmVuCXCDyCUiMZca6r27qwtbXBC8vAY5zDpwZDjYHCNL9p
2021-04-28T10:18:53.087Z libp2p:dht:QmcsvRu1 closerPeersSingle ciqnqbtfwzrluu6mpf5ksltbqgo67o5q3wbn22vz6szrmsfusbrz4bi from QmVuCXCDyCUiMZca6r27qwtbXBC8vAY5zDpwZDjYHCNL9p
2021-04-28T10:18:53.087Z libp2p:dht:QmcsvRu1 findPeerSingle QmVuCXCDyCUiMZca6r27qwtbXBC8vAY5zDpwZDjYHCNL9p
2021-04-28T10:18:53.087Z libp2p:dht:net:QmcsvRu1 sending to: QmVuCXCDyCUiMZca6r27qwtbXBC8vAY5zDpwZDjYHCNL9p
2021-04-28T10:18:53.089Z libp2p:dht:peer-queue enqueue QmVuCXCDyCUiMZca6r27qwtbXBC8vAY5zDpwZDjYHCNL9p
2021-04-28T10:18:53.090Z libp2p:dht:peer-queue enqueue QmVuCXCDyCUiMZca6r27qwtbXBC8vAY5zDpwZDjYHCNL9p
2021-04-28T10:18:53.092Z libp2p:dht:peer-queue enqueue QmVuCXCDyCUiMZca6r27qwtbXBC8vAY5zDpwZDjYHCNL9p
2021-04-28T10:18:53.094Z libp2p:dht:peer-queue enqueue QmVuCXCDyCUiMZca6r27qwtbXBC8vAY5zDpwZDjYHCNL9p
2021-04-28T10:18:53.095Z libp2p:dht:peer-queue enqueue QmVuCXCDyCUiMZca6r27qwtbXBC8vAY5zDpwZDjYHCNL9p
2021-04-28T10:18:53.097Z libp2p:dht:peer-queue enqueue QmVuCXCDyCUiMZca6r27qwtbXBC8vAY5zDpwZDjYHCNL9p
2021-04-28T10:18:53.099Z libp2p:dht:peer-queue enqueue QmVuCXCDyCUiMZca6r27qwtbXBC8vAY5zDpwZDjYHCNL9p
2021-04-28T10:18:53.101Z libp2p:dht:peer-queue enqueue QmVuCXCDyCUiMZca6r27qwtbXBC8vAY5zDpwZDjYHCNL9p
2021-04-28T10:18:53.101Z libp2p:dht:peer-queue dequeue QmVuCXCDyCUiMZca6r27qwtbXBC8vAY5zDpwZDjYHCNL9p
2021-04-28T10:18:53.101Z libp2p:dht:QmYXdRwe closerPeersSingle ciqjozgp6yp3w4hzklgjoryrm5fitjvsuhnnh7geaeaf4tgcxnvqmvy from QmVuCXCDyCUiMZca6r27qwtbXBC8vAY5zDpwZDjYHCNL9p
2021-04-28T10:18:53.101Z libp2p:dht:QmYXdRwe findPeerSingle QmVuCXCDyCUiMZca6r27qwtbXBC8vAY5zDpwZDjYHCNL9p
2021-04-28T10:18:53.101Z libp2p:dht:net:QmYXdRwe sending to: QmVuCXCDyCUiMZca6r27qwtbXBC8vAY5zDpwZDjYHCNL9p
2021-04-28T10:18:53.105Z libp2p:dht:peer-queue enqueue QmVuCXCDyCUiMZca6r27qwtbXBC8vAY5zDpwZDjYHCNL9p
2021-04-28T10:18:53.354Z libp2p:dht:peer-queue dequeue QmVuCXCDyCUiMZca6r27qwtbXBC8vAY5zDpwZDjYHCNL9p
2021-04-28T10:18:53.356Z libp2p:dht:peer-queue enqueue QmVuCXCDyCUiMZca6r27qwtbXBC8vAY5zDpwZDjYHCNL9p
2021-04-28T10:18:53.357Z libp2p:dht:peer-queue dequeue QmVuCXCDyCUiMZca6r27qwtbXBC8vAY5zDpwZDjYHCNL9p
2021-04-28T10:18:53.357Z libp2p:dht:Qmea25RW closerPeersSingle ciqpcj5tuftobjklr4ew4bm6fhmcb3ul65bsg2m5v2jpqy42b74xb6i from QmVuCXCDyCUiMZca6r27qwtbXBC8vAY5zDpwZDjYHCNL9p
2021-04-28T10:18:53.357Z libp2p:dht:Qmea25RW findPeerSingle QmVuCXCDyCUiMZca6r27qwtbXBC8vAY5zDpwZDjYHCNL9p
2021-04-28T10:18:53.357Z libp2p:dht:net:Qmea25RW sending to: QmVuCXCDyCUiMZca6r27qwtbXBC8vAY5zDpwZDjYHCNL9p
2021-04-28T10:18:53.361Z libp2p:dht:peer-queue enqueue QmVuCXCDyCUiMZca6r27qwtbXBC8vAY5zDpwZDjYHCNL9p
2021-04-28T10:18:53.362Z libp2p:dht:peer-queue enqueue QmVuCXCDyCUiMZca6r27qwtbXBC8vAY5zDpwZDjYHCNL9p
2021-04-28T10:18:53.362Z libp2p:dht:peer-queue dequeue QmVuCXCDyCUiMZca6r27qwtbXBC8vAY5zDpwZDjYHCNL9p
2021-04-28T10:18:53.362Z libp2p:dht:QmP8PyjR closerPeersSingle ciqaxoapwaojrd6gvbhmls4w5ouwz7d6qz6mz7x7su4yrmn4caxfugq from QmVuCXCDyCUiMZca6r27qwtbXBC8vAY5zDpwZDjYHCNL9p
2021-04-28T10:18:53.362Z libp2p:dht:QmP8PyjR findPeerSingle QmVuCXCDyCUiMZca6r27qwtbXBC8vAY5zDpwZDjYHCNL9p
2021-04-28T10:18:53.362Z libp2p:dht:net:QmP8PyjR sending to: QmVuCXCDyCUiMZca6r27qwtbXBC8vAY5zDpwZDjYHCNL9p
2021-04-28T10:18:53.364Z libp2p:dht:peer-queue dequeue QmVuCXCDyCUiMZca6r27qwtbXBC8vAY5zDpwZDjYHCNL9p
2021-04-28T10:18:53.366Z libp2p:dht:peer-queue enqueue QmVuCXCDyCUiMZca6r27qwtbXBC8vAY5zDpwZDjYHCNL9p
2021-04-28T10:18:53.366Z libp2p:dht:peer-queue dequeue QmVuCXCDyCUiMZca6r27qwtbXBC8vAY5zDpwZDjYHCNL9p
2021-04-28T10:18:53.366Z libp2p:dht:QmVoK9bb closerPeersSingle ciqg5vs7rhiffdhk57wdx5y7w5i3cv4zz3t2sbxqglteaepsb56isgy from QmVuCXCDyCUiMZca6r27qwtbXBC8vAY5zDpwZDjYHCNL9p
2021-04-28T10:18:53.366Z libp2p:dht:QmVoK9bb findPeerSingle QmVuCXCDyCUiMZca6r27qwtbXBC8vAY5zDpwZDjYHCNL9p
2021-04-28T10:18:53.366Z libp2p:dht:net:QmVoK9bb sending to: QmVuCXCDyCUiMZca6r27qwtbXBC8vAY5zDpwZDjYHCNL9p
2021-04-28T10:18:56.245Z libp2p:dht:peer-queue dequeue QmVuCXCDyCUiMZca6r27qwtbXBC8vAY5zDpwZDjYHCNL9p
2021-04-28T10:18:56.245Z libp2p:dht:peer-queue dequeue QmVuCXCDyCUiMZca6r27qwtbXBC8vAY5zDpwZDjYHCNL9p
2021-04-28T10:19:02.754Z libp2p:dht:rpc:QmNqjRFR from: QmVuCXCDyCUiMZca6r27qwtbXBC8vAY5zDpwZDjYHCNL9p
2021-04-28T10:19:02.756Z libp2p:dht:net:QmNqjRFR added to the routing table: QmVuCXCDyCUiMZca6r27qwtbXBC8vAY5zDpwZDjYHCNL9p
2021-04-28T10:19:02.765Z libp2p:dht:rpc:QmVoK9bb from: QmVuCXCDyCUiMZca6r27qwtbXBC8vAY5zDpwZDjYHCNL9p
2021-04-28T10:19:02.766Z libp2p:dht:net:QmVoK9bb added to the routing table: QmVuCXCDyCUiMZca6r27qwtbXBC8vAY5zDpwZDjYHCNL9p
2021-04-28T10:19:02.777Z libp2p:dht:net:QmcsvRu1 added to the routing table: QmVuCXCDyCUiMZca6r27qwtbXBC8vAY5zDpwZDjYHCNL9p
2021-04-28T10:19:02.783Z libp2p:dht:net:Qmea25RW added to the routing table: QmVuCXCDyCUiMZca6r27qwtbXBC8vAY5zDpwZDjYHCNL9p
2021-04-28T10:19:02.785Z libp2p:dht:net:QmP8PyjR added to the routing table: QmVuCXCDyCUiMZca6r27qwtbXBC8vAY5zDpwZDjYHCNL9p
2021-04-28T10:19:02.788Z libp2p:dht:rpc:QmYXdRwe from: QmVuCXCDyCUiMZca6r27qwtbXBC8vAY5zDpwZDjYHCNL9p
2021-04-28T10:19:02.789Z libp2p:dht:net:QmYXdRwe added to the routing table: QmVuCXCDyCUiMZca6r27qwtbXBC8vAY5zDpwZDjYHCNL9p
2021-04-28T10:19:02.808Z libp2p:dht:net:QmahC8eh added to the routing table: QmVuCXCDyCUiMZca6r27qwtbXBC8vAY5zDpwZDjYHCNL9p
2021-04-28T10:19:02.816Z libp2p:dht:net:QmQ5Z91t added to the routing table: QmVuCXCDyCUiMZca6r27qwtbXBC8vAY5zDpwZDjYHCNL9p
2021-04-28T10:19:03.057Z libp2p:dht:net:QmcsvRu1 added to the routing table: QmVuCXCDyCUiMZca6r27qwtbXBC8vAY5zDpwZDjYHCNL9p
2021-04-28T10:19:03.058Z libp2p:dht:net:QmYXdRwe added to the routing table: QmVuCXCDyCUiMZca6r27qwtbXBC8vAY5zDpwZDjYHCNL9p
2021-04-28T10:19:03.059Z libp2p:dht:net:Qmea25RW added to the routing table: QmVuCXCDyCUiMZca6r27qwtbXBC8vAY5zDpwZDjYHCNL9p
2021-04-28T10:19:03.060Z libp2p:dht:net:QmP8PyjR added to the routing table: QmVuCXCDyCUiMZca6r27qwtbXBC8vAY5zDpwZDjYHCNL9p
2021-04-28T10:19:03.061Z libp2p:dht:net:QmVoK9bb added to the routing table: QmVuCXCDyCUiMZca6r27qwtbXBC8vAY5zDpwZDjYHCNL9p
2021-04-28T10:19:03.819Z libp2p:dht:query:QmVuCXCDyCUiMZca6r27qwtbXBC8vAY5zDpwZDjYHCNL9p:QmVuCXCD queue:work:done undefined undefined
2021-04-28T10:19:03.819Z libp2p:dht:query:QmVuCXCDyCUiMZca6r27qwtbXBC8vAY5zDpwZDjYHCNL9p:QmVuCXCD queue:work
2021-04-28T10:19:03.827Z libp2p:dht:query:QmVuCXCDyCUiMZca6r27qwtbXBC8vAY5zDpwZDjYHCNL9p:QmVuCXCD queue:work:done undefined undefined
2021-04-28T10:19:03.827Z libp2p:dht:query:QmVuCXCDyCUiMZca6r27qwtbXBC8vAY5zDpwZDjYHCNL9p:QmVuCXCD queue:work
2021-04-28T10:19:03.834Z libp2p:dht:query:QmVuCXCDyCUiMZca6r27qwtbXBC8vAY5zDpwZDjYHCNL9p:QmVuCXCD queue:work:done undefined undefined
2021-04-28T10:19:03.835Z libp2p:dht:query:QmVuCXCDyCUiMZca6r27qwtbXBC8vAY5zDpwZDjYHCNL9p:QmVuCXCD queue:work
2021-04-28T10:19:04.027Z libp2p:dht:peer-queue enqueue QmVuCXCDyCUiMZca6r27qwtbXBC8vAY5zDpwZDjYHCNL9p
2021-04-28T10:19:04.029Z libp2p:dht:peer-queue enqueue QmVuCXCDyCUiMZca6r27qwtbXBC8vAY5zDpwZDjYHCNL9p
2021-04-28T10:19:04.032Z libp2p:dht:peer-queue enqueue QmVuCXCDyCUiMZca6r27qwtbXBC8vAY5zDpwZDjYHCNL9p
2021-04-28T10:19:04.034Z libp2p:dht:peer-queue enqueue QmVuCXCDyCUiMZca6r27qwtbXBC8vAY5zDpwZDjYHCNL9p
2021-04-28T10:19:04.036Z libp2p:dht:peer-queue enqueue QmVuCXCDyCUiMZca6r27qwtbXBC8vAY5zDpwZDjYHCNL9p
2021-04-28T10:19:04.037Z libp2p:dht:peer-queue enqueue QmVuCXCDyCUiMZca6r27qwtbXBC8vAY5zDpwZDjYHCNL9p
2021-04-28T10:19:04.039Z libp2p:dht:peer-queue enqueue QmVuCXCDyCUiMZca6r27qwtbXBC8vAY5zDpwZDjYHCNL9p
2021-04-28T10:19:04.039Z libp2p:dht:peer-queue dequeue QmVuCXCDyCUiMZca6r27qwtbXBC8vAY5zDpwZDjYHCNL9p
2021-04-28T10:19:04.040Z libp2p:dht:Qma1xyt9 closerPeersSingle ciqk3aw6gj5nl2i67a4fkcrlnh5fjxj742wjzavffy373xd5lvsuy7y from QmVuCXCDyCUiMZca6r27qwtbXBC8vAY5zDpwZDjYHCNL9p
2021-04-28T10:19:04.040Z libp2p:dht:Qma1xyt9 findPeerSingle QmVuCXCDyCUiMZca6r27qwtbXBC8vAY5zDpwZDjYHCNL9p
2021-04-28T10:19:04.040Z libp2p:dht:net:Qma1xyt9 sending to: QmVuCXCDyCUiMZca6r27qwtbXBC8vAY5zDpwZDjYHCNL9p
2021-04-28T10:19:04.041Z libp2p:dht:peer-queue enqueue QmVuCXCDyCUiMZca6r27qwtbXBC8vAY5zDpwZDjYHCNL9p
2021-04-28T10:19:04.047Z libp2p:dht:peer-queue enqueue QmVuCXCDyCUiMZca6r27qwtbXBC8vAY5zDpwZDjYHCNL9p
2021-04-28T10:19:04.049Z libp2p:dht:peer-queue enqueue QmVuCXCDyCUiMZca6r27qwtbXBC8vAY5zDpwZDjYHCNL9p
2021-04-28T10:19:04.054Z libp2p:dht:peer-queue enqueue QmVuCXCDyCUiMZca6r27qwtbXBC8vAY5zDpwZDjYHCNL9p
2021-04-28T10:19:04.056Z libp2p:dht:peer-queue enqueue QmVuCXCDyCUiMZca6r27qwtbXBC8vAY5zDpwZDjYHCNL9p
2021-04-28T10:19:04.063Z libp2p:dht:peer-queue enqueue QmVuCXCDyCUiMZca6r27qwtbXBC8vAY5zDpwZDjYHCNL9p
2021-04-28T10:19:04.066Z libp2p:dht:peer-queue enqueue QmVuCXCDyCUiMZca6r27qwtbXBC8vAY5zDpwZDjYHCNL9p
2021-04-28T10:19:04.068Z libp2p:dht:peer-queue enqueue QmVuCXCDyCUiMZca6r27qwtbXBC8vAY5zDpwZDjYHCNL9p
2021-04-28T10:19:04.072Z libp2p:dht:peer-queue enqueue QmVuCXCDyCUiMZca6r27qwtbXBC8vAY5zDpwZDjYHCNL9p
2021-04-28T10:19:04.074Z libp2p:dht:peer-queue enqueue QmVuCXCDyCUiMZca6r27qwtbXBC8vAY5zDpwZDjYHCNL9p
2021-04-28T10:19:04.078Z libp2p:dht:peer-queue enqueue QmVuCXCDyCUiMZca6r27qwtbXBC8vAY5zDpwZDjYHCNL9p
2021-04-28T10:19:04.080Z libp2p:dht:peer-queue enqueue QmVuCXCDyCUiMZca6r27qwtbXBC8vAY5zDpwZDjYHCNL9p
2021-04-28T10:19:04.086Z libp2p:dht:peer-queue enqueue QmVuCXCDyCUiMZca6r27qwtbXBC8vAY5zDpwZDjYHCNL9p
2021-04-28T10:19:04.190Z libp2p:dht:peer-queue enqueue QmVuCXCDyCUiMZca6r27qwtbXBC8vAY5zDpwZDjYHCNL9p
2021-04-28T10:19:04.192Z libp2p:dht:peer-queue enqueue QmVuCXCDyCUiMZca6r27qwtbXBC8vAY5zDpwZDjYHCNL9p
2021-04-28T10:19:04.192Z libp2p:dht:peer-queue dequeue QmVuCXCDyCUiMZca6r27qwtbXBC8vAY5zDpwZDjYHCNL9p
2021-04-28T10:19:04.192Z libp2p:dht:QmQ5Z91t closerPeersSingle ciqbtwk46rwoec72rgwdfhbmuc6574mhhlzjs6oocix76x5ophkzuvi from QmVuCXCDyCUiMZca6r27qwtbXBC8vAY5zDpwZDjYHCNL9p
2021-04-28T10:19:04.192Z libp2p:dht:QmQ5Z91t findPeerSingle QmVuCXCDyCUiMZca6r27qwtbXBC8vAY5zDpwZDjYHCNL9p
2021-04-28T10:19:04.192Z libp2p:dht:net:QmQ5Z91t sending to: QmVuCXCDyCUiMZca6r27qwtbXBC8vAY5zDpwZDjYHCNL9p
2021-04-28T10:19:04.193Z libp2p:dht:peer-queue enqueue QmVuCXCDyCUiMZca6r27qwtbXBC8vAY5zDpwZDjYHCNL9p
2021-04-28T10:19:04.195Z libp2p:dht:peer-queue dequeue QmVuCXCDyCUiMZca6r27qwtbXBC8vAY5zDpwZDjYHCNL9p
2021-04-28T10:19:04.195Z libp2p:dht:peer-queue dequeue QmVuCXCDyCUiMZca6r27qwtbXBC8vAY5zDpwZDjYHCNL9p
2021-04-28T10:19:04.198Z libp2p:dht:peer-queue dequeue QmVuCXCDyCUiMZca6r27qwtbXBC8vAY5zDpwZDjYHCNL9p
2021-04-28T10:19:04.198Z libp2p:dht:peer-queue dequeue QmVuCXCDyCUiMZca6r27qwtbXBC8vAY5zDpwZDjYHCNL9p
2021-04-28T10:19:04.200Z libp2p:dht:peer-queue enqueue QmVuCXCDyCUiMZca6r27qwtbXBC8vAY5zDpwZDjYHCNL9p
2021-04-28T10:19:04.200Z libp2p:dht:peer-queue dequeue QmVuCXCDyCUiMZca6r27qwtbXBC8vAY5zDpwZDjYHCNL9p
2021-04-28T10:19:04.200Z libp2p:dht:QmNqjRFR closerPeersSingle ciqao4zlde4mf3vq3ugetah5jeawhnqlsba27ltq2vs5hecinsyvawa from QmVuCXCDyCUiMZca6r27qwtbXBC8vAY5zDpwZDjYHCNL9p
2021-04-28T10:19:04.200Z libp2p:dht:QmNqjRFR findPeerSingle QmVuCXCDyCUiMZca6r27qwtbXBC8vAY5zDpwZDjYHCNL9p
2021-04-28T10:19:04.201Z libp2p:dht:net:QmNqjRFR sending to: QmVuCXCDyCUiMZca6r27qwtbXBC8vAY5zDpwZDjYHCNL9p
2021-04-28T10:19:04.203Z libp2p:dht:peer-queue enqueue QmVuCXCDyCUiMZca6r27qwtbXBC8vAY5zDpwZDjYHCNL9p
2021-04-28T10:19:04.205Z libp2p:dht:peer-queue dequeue QmVuCXCDyCUiMZca6r27qwtbXBC8vAY5zDpwZDjYHCNL9p
2021-04-28T10:19:04.205Z libp2p:dht:peer-queue dequeue QmVuCXCDyCUiMZca6r27qwtbXBC8vAY5zDpwZDjYHCNL9p
2021-04-28T10:19:04.205Z libp2p:dht:peer-queue dequeue QmVuCXCDyCUiMZca6r27qwtbXBC8vAY5zDpwZDjYHCNL9p
2021-04-28T10:19:04.215Z libp2p:dht:peer-queue enqueue QmVuCXCDyCUiMZca6r27qwtbXBC8vAY5zDpwZDjYHCNL9p
2021-04-28T10:19:04.217Z libp2p:dht:peer-queue enqueue QmVuCXCDyCUiMZca6r27qwtbXBC8vAY5zDpwZDjYHCNL9p
2021-04-28T10:19:04.220Z libp2p:dht:peer-queue enqueue QmVuCXCDyCUiMZca6r27qwtbXBC8vAY5zDpwZDjYHCNL9p
2021-04-28T10:19:04.220Z libp2p:dht:peer-queue dequeue QmVuCXCDyCUiMZca6r27qwtbXBC8vAY5zDpwZDjYHCNL9p
2021-04-28T10:19:04.220Z libp2p:dht:QmTU9xjX closerPeersSingle ciqeynutnnlpeg5vicm2biioldxatbbkk2owejizyjkfn5thu5xr4fy from QmVuCXCDyCUiMZca6r27qwtbXBC8vAY5zDpwZDjYHCNL9p
2021-04-28T10:19:04.220Z libp2p:dht:QmTU9xjX findPeerSingle QmVuCXCDyCUiMZca6r27qwtbXBC8vAY5zDpwZDjYHCNL9p
2021-04-28T10:19:04.220Z libp2p:dht:net:QmTU9xjX sending to: QmVuCXCDyCUiMZca6r27qwtbXBC8vAY5zDpwZDjYHCNL9p
2021-04-28T10:19:04.222Z libp2p:dht:peer-queue enqueue QmVuCXCDyCUiMZca6r27qwtbXBC8vAY5zDpwZDjYHCNL9p
2021-04-28T10:19:04.223Z libp2p:dht:peer-queue enqueue QmVuCXCDyCUiMZca6r27qwtbXBC8vAY5zDpwZDjYHCNL9p
2021-04-28T10:19:04.224Z libp2p:dht:peer-queue enqueue QmVuCXCDyCUiMZca6r27qwtbXBC8vAY5zDpwZDjYHCNL9p
2021-04-28T10:19:04.225Z libp2p:dht:peer-queue dequeue QmVuCXCDyCUiMZca6r27qwtbXBC8vAY5zDpwZDjYHCNL9p
2021-04-28T10:19:04.225Z libp2p:dht:QmWCsxiB closerPeersSingle ciqhjx6vgg55mtfwqhhk5me7gqumeuxsbwt3kngyxlgp4ktj4d74goi from QmVuCXCDyCUiMZca6r27qwtbXBC8vAY5zDpwZDjYHCNL9p
2021-04-28T10:19:04.225Z libp2p:dht:QmWCsxiB findPeerSingle QmVuCXCDyCUiMZca6r27qwtbXBC8vAY5zDpwZDjYHCNL9p
2021-04-28T10:19:04.225Z libp2p:dht:net:QmWCsxiB sending to: QmVuCXCDyCUiMZca6r27qwtbXBC8vAY5zDpwZDjYHCNL9p
2021-04-28T10:19:04.228Z libp2p:dht:peer-queue dequeue QmVuCXCDyCUiMZca6r27qwtbXBC8vAY5zDpwZDjYHCNL9p
2021-04-28T10:19:04.230Z libp2p:dht:peer-queue enqueue QmVuCXCDyCUiMZca6r27qwtbXBC8vAY5zDpwZDjYHCNL9p
2021-04-28T10:19:04.230Z libp2p:dht:peer-queue dequeue QmVuCXCDyCUiMZca6r27qwtbXBC8vAY5zDpwZDjYHCNL9p
2021-04-28T10:19:04.230Z libp2p:dht:Qme66AfQ closerPeersSingle ciqouaaqmfpqwvuyfgx4o2zjobt3bk6kteygje4u6fb3oxj7ttcl5sq from QmVuCXCDyCUiMZca6r27qwtbXBC8vAY5zDpwZDjYHCNL9p
2021-04-28T10:19:04.230Z libp2p:dht:Qme66AfQ findPeerSingle QmVuCXCDyCUiMZca6r27qwtbXBC8vAY5zDpwZDjYHCNL9p
2021-04-28T10:19:04.230Z libp2p:dht:net:Qme66AfQ sending to: QmVuCXCDyCUiMZca6r27qwtbXBC8vAY5zDpwZDjYHCNL9p
2021-04-28T10:19:04.232Z libp2p:dht:peer-queue enqueue QmVuCXCDyCUiMZca6r27qwtbXBC8vAY5zDpwZDjYHCNL9p
2021-04-28T10:19:04.232Z libp2p:dht:peer-queue dequeue QmVuCXCDyCUiMZca6r27qwtbXBC8vAY5zDpwZDjYHCNL9p
2021-04-28T10:19:04.232Z libp2p:dht:Qmb5dkJN closerPeersSingle ciql2tzbiwng7qnp245vr5o33fp47eliqdffynjfenzup7hryk77pgq from QmVuCXCDyCUiMZca6r27qwtbXBC8vAY5zDpwZDjYHCNL9p
2021-04-28T10:19:04.232Z libp2p:dht:Qmb5dkJN findPeerSingle QmVuCXCDyCUiMZca6r27qwtbXBC8vAY5zDpwZDjYHCNL9p
2021-04-28T10:19:04.232Z libp2p:dht:net:Qmb5dkJN sending to: QmVuCXCDyCUiMZca6r27qwtbXBC8vAY5zDpwZDjYHCNL9p
2021-04-28T10:19:05.830Z libp2p:dht:peer-queue enqueue QmVuCXCDyCUiMZca6r27qwtbXBC8vAY5zDpwZDjYHCNL9p
2021-04-28T10:19:05.834Z libp2p:dht:peer-queue enqueue QmVuCXCDyCUiMZca6r27qwtbXBC8vAY5zDpwZDjYHCNL9p
2021-04-28T10:19:05.873Z libp2p:dht:peer-queue enqueue QmVuCXCDyCUiMZca6r27qwtbXBC8vAY5zDpwZDjYHCNL9p
2021-04-28T10:19:05.877Z libp2p:dht:peer-queue enqueue QmVuCXCDyCUiMZca6r27qwtbXBC8vAY5zDpwZDjYHCNL9p
2021-04-28T10:19:09.470Z libp2p:dht:rpc:Qmb5dkJN from: QmVuCXCDyCUiMZca6r27qwtbXBC8vAY5zDpwZDjYHCNL9p
2021-04-28T10:19:09.471Z libp2p:dht:net:Qmb5dkJN added to the routing table: QmVuCXCDyCUiMZca6r27qwtbXBC8vAY5zDpwZDjYHCNL9p
2021-04-28T10:19:09.492Z libp2p:dht:rpc:Qme66AfQ from: QmVuCXCDyCUiMZca6r27qwtbXBC8vAY5zDpwZDjYHCNL9p
2021-04-28T10:19:09.493Z libp2p:dht:net:Qme66AfQ added to the routing table: QmVuCXCDyCUiMZca6r27qwtbXBC8vAY5zDpwZDjYHCNL9p
2021-04-28T10:19:09.502Z libp2p:dht:rpc:QmStrdgq from: QmVuCXCDyCUiMZca6r27qwtbXBC8vAY5zDpwZDjYHCNL9p
2021-04-28T10:19:09.503Z libp2p:dht:net:QmStrdgq added to the routing table: QmVuCXCDyCUiMZca6r27qwtbXBC8vAY5zDpwZDjYHCNL9p
2021-04-28T10:19:09.659Z libp2p:dht:net:Qme66AfQ added to the routing table: QmVuCXCDyCUiMZca6r27qwtbXBC8vAY5zDpwZDjYHCNL9p
2021-04-28T10:19:09.660Z libp2p:dht:net:Qmb5dkJN added to the routing table: QmVuCXCDyCUiMZca6r27qwtbXBC8vAY5zDpwZDjYHCNL9p
2021-04-28T10:19:10.550Z libp2p:dht:net:Qma1xyt9 added to the routing table: QmVuCXCDyCUiMZca6r27qwtbXBC8vAY5zDpwZDjYHCNL9p
2021-04-28T10:19:10.554Z libp2p:dht:net:QmTU9xjX added to the routing table: QmVuCXCDyCUiMZca6r27qwtbXBC8vAY5zDpwZDjYHCNL9p
2021-04-28T10:19:10.556Z libp2p:dht:net:QmWCsxiB added to the routing table: QmVuCXCDyCUiMZca6r27qwtbXBC8vAY5zDpwZDjYHCNL9p
2021-04-28T10:19:10.992Z libp2p:dht:query:QmVuCXCDyCUiMZca6r27qwtbXBC8vAY5zDpwZDjYHCNL9p:QmVuCXCD queue:work:done undefined undefined
2021-04-28T10:19:10.992Z libp2p:dht:query:QmVuCXCDyCUiMZca6r27qwtbXBC8vAY5zDpwZDjYHCNL9p:QmVuCXCD queue:work
2021-04-28T10:19:11.011Z libp2p:dht:query:QmVuCXCDyCUiMZca6r27qwtbXBC8vAY5zDpwZDjYHCNL9p:QmVuCXCD queue:work:done undefined undefined
2021-04-28T10:19:11.011Z libp2p:dht:query:QmVuCXCDyCUiMZca6r27qwtbXBC8vAY5zDpwZDjYHCNL9p:QmVuCXCD queue:work
2021-04-28T10:19:11.016Z libp2p:dht:query:QmVuCXCDyCUiMZca6r27qwtbXBC8vAY5zDpwZDjYHCNL9p:QmVuCXCD queue:work:done undefined undefined
2021-04-28T10:19:11.016Z libp2p:dht:query:QmVuCXCDyCUiMZca6r27qwtbXBC8vAY5zDpwZDjYHCNL9p:QmVuCXCD queue:work
2021-04-28T10:19:11.356Z libp2p:dht:peer-queue enqueue QmVuCXCDyCUiMZca6r27qwtbXBC8vAY5zDpwZDjYHCNL9p
2021-04-28T10:19:11.357Z libp2p:dht:peer-queue dequeue QmVuCXCDyCUiMZca6r27qwtbXBC8vAY5zDpwZDjYHCNL9p
2021-04-28T10:19:11.357Z libp2p:dht:QmStrdgq closerPeersSingle ciqehlwq3zmem3fpovsnplllcm2q6wohxlxxqdakdmmtw637uchqfsa from QmVuCXCDyCUiMZca6r27qwtbXBC8vAY5zDpwZDjYHCNL9p
2021-04-28T10:19:11.357Z libp2p:dht:QmStrdgq findPeerSingle QmVuCXCDyCUiMZca6r27qwtbXBC8vAY5zDpwZDjYHCNL9p
2021-04-28T10:19:11.357Z libp2p:dht:net:QmStrdgq sending to: QmVuCXCDyCUiMZca6r27qwtbXBC8vAY5zDpwZDjYHCNL9p
2021-04-28T10:19:11.366Z libp2p:dht:peer-queue enqueue QmVuCXCDyCUiMZca6r27qwtbXBC8vAY5zDpwZDjYHCNL9p
2021-04-28T10:19:11.372Z libp2p:dht:peer-queue enqueue QmVuCXCDyCUiMZca6r27qwtbXBC8vAY5zDpwZDjYHCNL9p
2021-04-28T10:19:11.373Z libp2p:dht:rpc:Qma1xyt9 from: QmVuCXCDyCUiMZca6r27qwtbXBC8vAY5zDpwZDjYHCNL9p
2021-04-28T10:19:11.374Z libp2p:dht:peer-queue dequeue QmVuCXCDyCUiMZca6r27qwtbXBC8vAY5zDpwZDjYHCNL9p
2021-04-28T10:19:11.374Z libp2p:dht:peer-queue dequeue QmVuCXCDyCUiMZca6r27qwtbXBC8vAY5zDpwZDjYHCNL9p
2021-04-28T10:19:11.382Z libp2p:dht:peer-queue dequeue QmVuCXCDyCUiMZca6r27qwtbXBC8vAY5zDpwZDjYHCNL9p
2021-04-28T10:19:11.382Z libp2p:dht:peer-queue dequeue QmVuCXCDyCUiMZca6r27qwtbXBC8vAY5zDpwZDjYHCNL9p
2021-04-28T10:19:11.398Z libp2p:dht:peer-queue enqueue QmVuCXCDyCUiMZca6r27qwtbXBC8vAY5zDpwZDjYHCNL9p
2021-04-28T10:19:11.400Z libp2p:dht:peer-queue enqueue QmVuCXCDyCUiMZca6r27qwtbXBC8vAY5zDpwZDjYHCNL9p
2021-04-28T10:19:11.401Z libp2p:dht:peer-queue enqueue QmVuCXCDyCUiMZca6r27qwtbXBC8vAY5zDpwZDjYHCNL9p
2021-04-28T10:19:11.417Z libp2p:dht:peer-queue enqueue QmVuCXCDyCUiMZca6r27qwtbXBC8vAY5zDpwZDjYHCNL9p
2021-04-28T10:19:11.418Z libp2p:dht:peer-queue dequeue QmVuCXCDyCUiMZca6r27qwtbXBC8vAY5zDpwZDjYHCNL9p
2021-04-28T10:19:11.418Z libp2p:dht:QmTkqBsa closerPeersSingle ciqfa7by5zla4bhsrfiya7x4wlgeayd7dxpmnqaqxykc7vs7n5mkbvi from QmVuCXCDyCUiMZca6r27qwtbXBC8vAY5zDpwZDjYHCNL9p
2021-04-28T10:19:11.418Z libp2p:dht:QmTkqBsa findPeerSingle QmVuCXCDyCUiMZca6r27qwtbXBC8vAY5zDpwZDjYHCNL9p
2021-04-28T10:19:11.418Z libp2p:dht:net:QmTkqBsa sending to: QmVuCXCDyCUiMZca6r27qwtbXBC8vAY5zDpwZDjYHCNL9p
2021-04-28T10:19:11.420Z libp2p:dht:peer-queue enqueue QmVuCXCDyCUiMZca6r27qwtbXBC8vAY5zDpwZDjYHCNL9p
2021-04-28T10:19:11.426Z libp2p:dht:peer-queue dequeue QmVuCXCDyCUiMZca6r27qwtbXBC8vAY5zDpwZDjYHCNL9p
2021-04-28T10:19:11.426Z libp2p:dht:peer-queue dequeue QmVuCXCDyCUiMZca6r27qwtbXBC8vAY5zDpwZDjYHCNL9p
2021-04-28T10:19:11.427Z libp2p:dht:peer-queue dequeue QmVuCXCDyCUiMZca6r27qwtbXBC8vAY5zDpwZDjYHCNL9p
2021-04-28T10:19:11.427Z libp2p:dht:peer-queue dequeue QmVuCXCDyCUiMZca6r27qwtbXBC8vAY5zDpwZDjYHCNL9p
2021-04-28T10:19:11.433Z libp2p:dht:peer-queue dequeue QmVuCXCDyCUiMZca6r27qwtbXBC8vAY5zDpwZDjYHCNL9p
2021-04-28T10:19:11.433Z libp2p:dht:peer-queue dequeue QmVuCXCDyCUiMZca6r27qwtbXBC8vAY5zDpwZDjYHCNL9p
2021-04-28T10:19:11.439Z libp2p:dht:peer-queue enqueue QmVuCXCDyCUiMZca6r27qwtbXBC8vAY5zDpwZDjYHCNL9p
2021-04-28T10:19:11.441Z libp2p:dht:peer-queue enqueue QmVuCXCDyCUiMZca6r27qwtbXBC8vAY5zDpwZDjYHCNL9p
2021-04-28T10:19:11.443Z libp2p:dht:peer-queue enqueue QmVuCXCDyCUiMZca6r27qwtbXBC8vAY5zDpwZDjYHCNL9p
2021-04-28T10:19:11.445Z libp2p:dht:peer-queue enqueue QmVuCXCDyCUiMZca6r27qwtbXBC8vAY5zDpwZDjYHCNL9p
2021-04-28T10:19:11.448Z libp2p:dht:peer-queue enqueue QmVuCXCDyCUiMZca6r27qwtbXBC8vAY5zDpwZDjYHCNL9p
2021-04-28T10:19:11.450Z libp2p:dht:peer-queue enqueue QmVuCXCDyCUiMZca6r27qwtbXBC8vAY5zDpwZDjYHCNL9p
2021-04-28T10:19:11.451Z libp2p:dht:peer-queue enqueue QmVuCXCDyCUiMZca6r27qwtbXBC8vAY5zDpwZDjYHCNL9p
2021-04-28T10:19:11.466Z libp2p:dht:peer-queue enqueue QmVuCXCDyCUiMZca6r27qwtbXBC8vAY5zDpwZDjYHCNL9p
2021-04-28T10:19:11.467Z libp2p:dht:peer-queue dequeue QmVuCXCDyCUiMZca6r27qwtbXBC8vAY5zDpwZDjYHCNL9p
2021-04-28T10:19:11.467Z libp2p:dht:QmWtQC1M closerPeersSingle ciqh575ke5hk4eav6ihf7vahyzvjs7wp64666xpmi77jesk5gpkflti from QmVuCXCDyCUiMZca6r27qwtbXBC8vAY5zDpwZDjYHCNL9p
2021-04-28T10:19:11.467Z libp2p:dht:QmWtQC1M findPeerSingle QmVuCXCDyCUiMZca6r27qwtbXBC8vAY5zDpwZDjYHCNL9p
2021-04-28T10:19:11.467Z libp2p:dht:net:QmWtQC1M sending to: QmVuCXCDyCUiMZca6r27qwtbXBC8vAY5zDpwZDjYHCNL9p
2021-04-28T10:19:11.473Z libp2p:dht:peer-queue enqueue QmVuCXCDyCUiMZca6r27qwtbXBC8vAY5zDpwZDjYHCNL9p
2021-04-28T10:19:11.474Z libp2p:dht:peer-queue enqueue QmVuCXCDyCUiMZca6r27qwtbXBC8vAY5zDpwZDjYHCNL9p
2021-04-28T10:19:11.476Z libp2p:dht:peer-queue enqueue QmVuCXCDyCUiMZca6r27qwtbXBC8vAY5zDpwZDjYHCNL9p
2021-04-28T10:19:11.478Z libp2p:dht:peer-queue enqueue QmVuCXCDyCUiMZca6r27qwtbXBC8vAY5zDpwZDjYHCNL9p
2021-04-28T10:19:11.479Z libp2p:dht:peer-queue enqueue QmVuCXCDyCUiMZca6r27qwtbXBC8vAY5zDpwZDjYHCNL9p
2021-04-28T10:19:11.483Z libp2p:dht:peer-queue enqueue QmVuCXCDyCUiMZca6r27qwtbXBC8vAY5zDpwZDjYHCNL9p
2021-04-28T10:19:11.509Z libp2p:dht:peer-queue enqueue QmVuCXCDyCUiMZca6r27qwtbXBC8vAY5zDpwZDjYHCNL9p
2021-04-28T10:19:12.606Z libp2p:dht:query:QmVuCXCDyCUiMZca6r27qwtbXBC8vAY5zDpwZDjYHCNL9p:QmVuCXCD queue:work:done undefined undefined
2021-04-28T10:19:12.606Z libp2p:dht:query:QmVuCXCDyCUiMZca6r27qwtbXBC8vAY5zDpwZDjYHCNL9p:QmVuCXCD queue:work
2021-04-28T10:19:12.649Z libp2p:dht:peer-queue enqueue QmVuCXCDyCUiMZca6r27qwtbXBC8vAY5zDpwZDjYHCNL9p
2021-04-28T10:19:12.649Z libp2p:dht:peer-queue dequeue QmVuCXCDyCUiMZca6r27qwtbXBC8vAY5zDpwZDjYHCNL9p
2021-04-28T10:19:12.649Z libp2p:dht:QmWoXD3Z closerPeersSingle ciqh3p5sdzhneq3d7k6xsllx5yjaa5xxuuu7akuzmsdmfxw2tsj6w4q from QmVuCXCDyCUiMZca6r27qwtbXBC8vAY5zDpwZDjYHCNL9p
2021-04-28T10:19:12.649Z libp2p:dht:QmWoXD3Z findPeerSingle QmVuCXCDyCUiMZca6r27qwtbXBC8vAY5zDpwZDjYHCNL9p
2021-04-28T10:19:12.649Z libp2p:dht:net:QmWoXD3Z sending to: QmVuCXCDyCUiMZca6r27qwtbXBC8vAY5zDpwZDjYHCNL9p
2021-04-28T10:19:12.651Z libp2p:dht:peer-queue enqueue QmVuCXCDyCUiMZca6r27qwtbXBC8vAY5zDpwZDjYHCNL9p
2021-04-28T10:19:13.337Z libp2p:dht:peer-queue enqueue QmVuCXCDyCUiMZca6r27qwtbXBC8vAY5zDpwZDjYHCNL9p
2021-04-28T10:19:13.337Z libp2p:dht:peer-queue dequeue QmVuCXCDyCUiMZca6r27qwtbXBC8vAY5zDpwZDjYHCNL9p
2021-04-28T10:19:13.337Z libp2p:dht:QmS76Mi7 closerPeersSingle ciqdp5m56xptjrzxefd255exywdeohgm4qqo5q3gijqubakscwgkewq from QmVuCXCDyCUiMZca6r27qwtbXBC8vAY5zDpwZDjYHCNL9p
2021-04-28T10:19:13.337Z libp2p:dht:QmS76Mi7 findPeerSingle QmVuCXCDyCUiMZca6r27qwtbXBC8vAY5zDpwZDjYHCNL9p
2021-04-28T10:19:13.337Z libp2p:dht:net:QmS76Mi7 sending to: QmVuCXCDyCUiMZca6r27qwtbXBC8vAY5zDpwZDjYHCNL9p
2021-04-28T10:19:13.346Z libp2p:dht:peer-queue enqueue QmVuCXCDyCUiMZca6r27qwtbXBC8vAY5zDpwZDjYHCNL9p
2021-04-28T10:19:13.348Z libp2p:dht:peer-queue enqueue QmVuCXCDyCUiMZca6r27qwtbXBC8vAY5zDpwZDjYHCNL9p
2021-04-28T10:19:13.350Z libp2p:dht:peer-queue enqueue QmVuCXCDyCUiMZca6r27qwtbXBC8vAY5zDpwZDjYHCNL9p
2021-04-28T10:19:13.351Z libp2p:dht:peer-queue enqueue QmVuCXCDyCUiMZca6r27qwtbXBC8vAY5zDpwZDjYHCNL9p
2021-04-28T10:19:13.352Z libp2p:dht:peer-queue dequeue QmVuCXCDyCUiMZca6r27qwtbXBC8vAY5zDpwZDjYHCNL9p
2021-04-28T10:19:13.352Z libp2p:dht:Qmb51urv closerPeersSingle ciql2ju4nsu5hgkrtzvehlzbs3kan3zgx6kua7s3s6df4phqnjhhzkq from QmVuCXCDyCUiMZca6r27qwtbXBC8vAY5zDpwZDjYHCNL9p
2021-04-28T10:19:13.352Z libp2p:dht:Qmb51urv findPeerSingle QmVuCXCDyCUiMZca6r27qwtbXBC8vAY5zDpwZDjYHCNL9p
2021-04-28T10:19:13.352Z libp2p:dht:net:Qmb51urv sending to: QmVuCXCDyCUiMZca6r27qwtbXBC8vAY5zDpwZDjYHCNL9p
2021-04-28T10:19:13.365Z libp2p:dht:peer-queue dequeue QmVuCXCDyCUiMZca6r27qwtbXBC8vAY5zDpwZDjYHCNL9p
2021-04-28T10:19:13.365Z libp2p:dht:QmdKZyRB closerPeersSingle ciqn5gc6hdl35hcsfoysfdr2ddisrqoeeqd65t3wnnwdbpfjiiywucy from QmVuCXCDyCUiMZca6r27qwtbXBC8vAY5zDpwZDjYHCNL9p
2021-04-28T10:19:13.365Z libp2p:dht:QmdKZyRB findPeerSingle QmVuCXCDyCUiMZca6r27qwtbXBC8vAY5zDpwZDjYHCNL9p
2021-04-28T10:19:13.365Z libp2p:dht:net:QmdKZyRB sending to: QmVuCXCDyCUiMZca6r27qwtbXBC8vAY5zDpwZDjYHCNL9p
2021-04-28T10:19:13.367Z libp2p:dht:peer-queue enqueue QmVuCXCDyCUiMZca6r27qwtbXBC8vAY5zDpwZDjYHCNL9p
2021-04-28T10:19:13.372Z libp2p:dht:peer-queue enqueue QmVuCXCDyCUiMZca6r27qwtbXBC8vAY5zDpwZDjYHCNL9p
2021-04-28T10:19:16.201Z libp2p:dht:peer-queue dequeue QmVuCXCDyCUiMZca6r27qwtbXBC8vAY5zDpwZDjYHCNL9p
2021-04-28T10:19:16.214Z libp2p:dht:rpc:QmTfL14E from: QmVuCXCDyCUiMZca6r27qwtbXBC8vAY5zDpwZDjYHCNL9p
2021-04-28T10:19:16.216Z libp2p:dht:net:QmTfL14E added to the routing table: QmVuCXCDyCUiMZca6r27qwtbXBC8vAY5zDpwZDjYHCNL9p
2021-04-28T10:19:16.228Z libp2p:dht:rpc:QmWtQC1M from: QmVuCXCDyCUiMZca6r27qwtbXBC8vAY5zDpwZDjYHCNL9p
2021-04-28T10:19:16.229Z libp2p:dht:net:QmWtQC1M added to the routing table: QmVuCXCDyCUiMZca6r27qwtbXBC8vAY5zDpwZDjYHCNL9p
2021-04-28T10:19:16.388Z libp2p:dht:net:QmWtQC1M added to the routing table: QmVuCXCDyCUiMZca6r27qwtbXBC8vAY5zDpwZDjYHCNL9p
2021-04-28T10:19:16.669Z libp2p:dht:peer-queue enqueue QmVuCXCDyCUiMZca6r27qwtbXBC8vAY5zDpwZDjYHCNL9p
2021-04-28T10:19:16.669Z libp2p:dht:peer-queue dequeue QmVuCXCDyCUiMZca6r27qwtbXBC8vAY5zDpwZDjYHCNL9p
2021-04-28T10:19:16.670Z libp2p:dht:QmTfL14E closerPeersSingle ciqe6e2rfn7ljliettfb2jvucd72vvbthuozh4zomrmfzyx7t5xv7iq from QmVuCXCDyCUiMZca6r27qwtbXBC8vAY5zDpwZDjYHCNL9p
2021-04-28T10:19:16.670Z libp2p:dht:QmTfL14E findPeerSingle QmVuCXCDyCUiMZca6r27qwtbXBC8vAY5zDpwZDjYHCNL9p
2021-04-28T10:19:16.670Z libp2p:dht:net:QmTfL14E sending to: QmVuCXCDyCUiMZca6r27qwtbXBC8vAY5zDpwZDjYHCNL9p
2021-04-28T10:19:16.678Z libp2p:dht:peer-queue dequeue QmVuCXCDyCUiMZca6r27qwtbXBC8vAY5zDpwZDjYHCNL9p
2021-04-28T10:19:16.678Z libp2p:dht:peer-queue dequeue QmVuCXCDyCUiMZca6r27qwtbXBC8vAY5zDpwZDjYHCNL9p
2021-04-28T10:19:16.678Z libp2p:dht:peer-queue dequeue QmVuCXCDyCUiMZca6r27qwtbXBC8vAY5zDpwZDjYHCNL9p
2021-04-28T10:19:17.406Z libp2p:dht:net:QmTkqBsa added to the routing table: QmVuCXCDyCUiMZca6r27qwtbXBC8vAY5zDpwZDjYHCNL9p
2021-04-28T10:19:17.439Z libp2p:dht:net:QmTkqBsa added to the routing table: QmVuCXCDyCUiMZca6r27qwtbXBC8vAY5zDpwZDjYHCNL9p
2021-04-28T10:19:17.442Z libp2p:dht:net:QmTkqBsa added to the routing table: QmVuCXCDyCUiMZca6r27qwtbXBC8vAY5zDpwZDjYHCNL9p
2021-04-28T10:19:17.875Z libp2p:dht:query:QmVuCXCDyCUiMZca6r27qwtbXBC8vAY5zDpwZDjYHCNL9p:QmVuCXCD queue:work:done undefined undefined
2021-04-28T10:19:17.876Z libp2p:dht:query:QmVuCXCDyCUiMZca6r27qwtbXBC8vAY5zDpwZDjYHCNL9p:QmVuCXCD queue:work
2021-04-28T10:19:17.883Z libp2p:dht:query:QmVuCXCDyCUiMZca6r27qwtbXBC8vAY5zDpwZDjYHCNL9p:QmVuCXCD queue:work:done undefined undefined
2021-04-28T10:19:17.884Z libp2p:dht:query:QmVuCXCDyCUiMZca6r27qwtbXBC8vAY5zDpwZDjYHCNL9p:QmVuCXCD queue:work
2021-04-28T10:19:18.202Z libp2p:dht:peer-queue dequeue QmVuCXCDyCUiMZca6r27qwtbXBC8vAY5zDpwZDjYHCNL9p
2021-04-28T10:19:18.202Z libp2p:dht:peer-queue dequeue QmVuCXCDyCUiMZca6r27qwtbXBC8vAY5zDpwZDjYHCNL9p
2021-04-28T10:19:18.202Z libp2p:dht:peer-queue dequeue QmVuCXCDyCUiMZca6r27qwtbXBC8vAY5zDpwZDjYHCNL9p
2021-04-28T10:19:18.204Z libp2p:dht:peer-queue dequeue QmVuCXCDyCUiMZca6r27qwtbXBC8vAY5zDpwZDjYHCNL9p
2021-04-28T10:19:18.204Z libp2p:dht:peer-queue dequeue QmVuCXCDyCUiMZca6r27qwtbXBC8vAY5zDpwZDjYHCNL9p
2021-04-28T10:19:18.204Z libp2p:dht:peer-queue dequeue QmVuCXCDyCUiMZca6r27qwtbXBC8vAY5zDpwZDjYHCNL9p
2021-04-28T10:19:18.204Z libp2p:dht:peer-queue dequeue QmVuCXCDyCUiMZca6r27qwtbXBC8vAY5zDpwZDjYHCNL9p
2021-04-28T10:19:18.216Z libp2p:dht:peer-queue dequeue QmVuCXCDyCUiMZca6r27qwtbXBC8vAY5zDpwZDjYHCNL9p
2021-04-28T10:19:18.216Z libp2p:dht:peer-queue dequeue QmVuCXCDyCUiMZca6r27qwtbXBC8vAY5zDpwZDjYHCNL9p
2021-04-28T10:19:18.216Z libp2p:dht:peer-queue dequeue QmVuCXCDyCUiMZca6r27qwtbXBC8vAY5zDpwZDjYHCNL9p
2021-04-28T10:19:18.216Z libp2p:dht:peer-queue dequeue QmVuCXCDyCUiMZca6r27qwtbXBC8vAY5zDpwZDjYHCNL9p
2021-04-28T10:19:18.232Z libp2p:dht:peer-queue enqueue QmVuCXCDyCUiMZca6r27qwtbXBC8vAY5zDpwZDjYHCNL9p
2021-04-28T10:19:18.250Z libp2p:dht:peer-queue dequeue QmVuCXCDyCUiMZca6r27qwtbXBC8vAY5zDpwZDjYHCNL9p
2021-04-28T10:19:18.250Z libp2p:dht:QmeTfWLA closerPeersSingle ciqo7bxve4abt3hcovna2asz4rh3y3mkor4pf6mibpgrzyoiuae7asy from QmVuCXCDyCUiMZca6r27qwtbXBC8vAY5zDpwZDjYHCNL9p
2021-04-28T10:19:18.250Z libp2p:dht:QmeTfWLA findPeerSingle QmVuCXCDyCUiMZca6r27qwtbXBC8vAY5zDpwZDjYHCNL9p
2021-04-28T10:19:18.251Z libp2p:dht:net:QmeTfWLA sending to: QmVuCXCDyCUiMZca6r27qwtbXBC8vAY5zDpwZDjYHCNL9p
2021-04-28T10:19:18.258Z libp2p:dht:peer-queue enqueue QmVuCXCDyCUiMZca6r27qwtbXBC8vAY5zDpwZDjYHCNL9p
2021-04-28T10:19:18.273Z libp2p:dht:peer-queue dequeue QmVuCXCDyCUiMZca6r27qwtbXBC8vAY5zDpwZDjYHCNL9p
2021-04-28T10:19:18.273Z libp2p:dht:peer-queue dequeue QmVuCXCDyCUiMZca6r27qwtbXBC8vAY5zDpwZDjYHCNL9p
2021-04-28T10:19:18.273Z libp2p:dht:peer-queue dequeue QmVuCXCDyCUiMZca6r27qwtbXBC8vAY5zDpwZDjYHCNL9p
2021-04-28T10:19:18.273Z libp2p:dht:peer-queue dequeue QmVuCXCDyCUiMZca6r27qwtbXBC8vAY5zDpwZDjYHCNL9p
2021-04-28T10:19:18.284Z libp2p:dht:peer-queue enqueue QmVuCXCDyCUiMZca6r27qwtbXBC8vAY5zDpwZDjYHCNL9p
2021-04-28T10:19:18.308Z libp2p:dht:rpc:QmTkqBsa from: QmVuCXCDyCUiMZca6r27qwtbXBC8vAY5zDpwZDjYHCNL9p
2021-04-28T10:19:18.465Z libp2p:dht:net:QmWoXD3Z added to the routing table: QmVuCXCDyCUiMZca6r27qwtbXBC8vAY5zDpwZDjYHCNL9p
2021-04-28T10:19:18.654Z libp2p:dht:net:QmS76Mi7 added to the routing table: QmVuCXCDyCUiMZca6r27qwtbXBC8vAY5zDpwZDjYHCNL9p
2021-04-28T10:19:18.658Z libp2p:dht:net:Qmb51urv added to the routing table: QmVuCXCDyCUiMZca6r27qwtbXBC8vAY5zDpwZDjYHCNL9p
2021-04-28T10:19:18.668Z libp2p:dht:net:QmdKZyRB added to the routing table: QmVuCXCDyCUiMZca6r27qwtbXBC8vAY5zDpwZDjYHCNL9p
2021-04-28T10:19:18.889Z libp2p:dht:query:QmVuCXCDyCUiMZca6r27qwtbXBC8vAY5zDpwZDjYHCNL9p:QmVuCXCD queue:work:done undefined undefined
2021-04-28T10:19:18.889Z libp2p:dht:query:QmVuCXCDyCUiMZca6r27qwtbXBC8vAY5zDpwZDjYHCNL9p:QmVuCXCD queue:work
2021-04-28T10:19:19.168Z libp2p:dht:peer-queue dequeue QmVuCXCDyCUiMZca6r27qwtbXBC8vAY5zDpwZDjYHCNL9p
2021-04-28T10:19:19.168Z libp2p:dht:peer-queue dequeue QmVuCXCDyCUiMZca6r27qwtbXBC8vAY5zDpwZDjYHCNL9p
2021-04-28T10:19:19.168Z libp2p:dht:peer-queue dequeue QmVuCXCDyCUiMZca6r27qwtbXBC8vAY5zDpwZDjYHCNL9p
2021-04-28T10:19:19.185Z libp2p:dht:peer-queue enqueue QmVuCXCDyCUiMZca6r27qwtbXBC8vAY5zDpwZDjYHCNL9p
2021-04-28T10:19:19.185Z libp2p:dht:peer-queue dequeue QmVuCXCDyCUiMZca6r27qwtbXBC8vAY5zDpwZDjYHCNL9p
2021-04-28T10:19:19.185Z libp2p:dht:Qma53sqD closerPeersSingle ciqk4tjfluiczlfnubuc2smwoy6dlxdtxvnnz2zghjgdkno6qqaqdca from QmVuCXCDyCUiMZca6r27qwtbXBC8vAY5zDpwZDjYHCNL9p
2021-04-28T10:19:19.185Z libp2p:dht:Qma53sqD findPeerSingle QmVuCXCDyCUiMZca6r27qwtbXBC8vAY5zDpwZDjYHCNL9p
2021-04-28T10:19:19.185Z libp2p:dht:net:Qma53sqD sending to: QmVuCXCDyCUiMZca6r27qwtbXBC8vAY5zDpwZDjYHCNL9p
2021-04-28T10:19:19.192Z libp2p:dht:peer-queue dequeue QmVuCXCDyCUiMZca6r27qwtbXBC8vAY5zDpwZDjYHCNL9p
2021-04-28T10:19:19.192Z libp2p:dht:peer-queue dequeue QmVuCXCDyCUiMZca6r27qwtbXBC8vAY5zDpwZDjYHCNL9p
2021-04-28T10:19:19.192Z libp2p:dht:peer-queue dequeue QmVuCXCDyCUiMZca6r27qwtbXBC8vAY5zDpwZDjYHCNL9p
2021-04-28T10:19:19.192Z libp2p:dht:peer-queue dequeue QmVuCXCDyCUiMZca6r27qwtbXBC8vAY5zDpwZDjYHCNL9p
2021-04-28T10:19:19.192Z libp2p:dht:peer-queue dequeue QmVuCXCDyCUiMZca6r27qwtbXBC8vAY5zDpwZDjYHCNL9p
2021-04-28T10:19:19.192Z libp2p:dht:peer-queue dequeue QmVuCXCDyCUiMZca6r27qwtbXBC8vAY5zDpwZDjYHCNL9p
2021-04-28T10:19:19.192Z libp2p:dht:peer-queue dequeue QmVuCXCDyCUiMZca6r27qwtbXBC8vAY5zDpwZDjYHCNL9p
2021-04-28T10:19:19.691Z libp2p:dht:net:Qmb51urv added to the routing table: QmVuCXCDyCUiMZca6r27qwtbXBC8vAY5zDpwZDjYHCNL9p
2021-04-28T10:19:19.694Z libp2p:dht:net:Qmb51urv added to the routing table: QmVuCXCDyCUiMZca6r27qwtbXBC8vAY5zDpwZDjYHCNL9p
2021-04-28T10:19:20.241Z libp2p:dht:rpc:Qmb51urv from: QmVuCXCDyCUiMZca6r27qwtbXBC8vAY5zDpwZDjYHCNL9p
2021-04-28T10:19:20.259Z libp2p:dht:rpc:Qma53sqD from: QmVuCXCDyCUiMZca6r27qwtbXBC8vAY5zDpwZDjYHCNL9p
2021-04-28T10:19:20.260Z libp2p:dht:net:Qma53sqD added to the routing table: QmVuCXCDyCUiMZca6r27qwtbXBC8vAY5zDpwZDjYHCNL9p
2021-04-28T10:19:20.663Z libp2p:dht:net:QmeTfWLA added to the routing table: QmVuCXCDyCUiMZca6r27qwtbXBC8vAY5zDpwZDjYHCNL9p
2021-04-28T10:19:20.722Z libp2p:dht:net:QmeTfWLA added to the routing table: QmVuCXCDyCUiMZca6r27qwtbXBC8vAY5zDpwZDjYHCNL9p
2021-04-28T10:19:20.727Z libp2p:dht:net:QmeTfWLA added to the routing table: QmVuCXCDyCUiMZca6r27qwtbXBC8vAY5zDpwZDjYHCNL9p
2021-04-28T10:19:20.941Z libp2p:dht:query:QmVuCXCDyCUiMZca6r27qwtbXBC8vAY5zDpwZDjYHCNL9p:QmVuCXCD queue:work:done undefined undefined
2021-04-28T10:19:20.942Z libp2p:dht:query:QmVuCXCDyCUiMZca6r27qwtbXBC8vAY5zDpwZDjYHCNL9p:QmVuCXCD queue:work
2021-04-28T10:19:20.955Z libp2p:dht:query:QmVuCXCDyCUiMZca6r27qwtbXBC8vAY5zDpwZDjYHCNL9p:QmVuCXCD queue:work:done undefined undefined
2021-04-28T10:19:20.955Z libp2p:dht:query:QmVuCXCDyCUiMZca6r27qwtbXBC8vAY5zDpwZDjYHCNL9p:QmVuCXCD queue:work
2021-04-28T10:19:21.079Z libp2p:dht:rpc:QmcsvRu1 from: QmVuCXCDyCUiMZca6r27qwtbXBC8vAY5zDpwZDjYHCNL9p
2021-04-28T10:19:21.082Z libp2p:dht:rpc:QmWCsxiB from: QmVuCXCDyCUiMZca6r27qwtbXBC8vAY5zDpwZDjYHCNL9p
2021-04-28T10:19:21.106Z libp2p:dht:rpc:QmeTfWLA from: QmVuCXCDyCUiMZca6r27qwtbXBC8vAY5zDpwZDjYHCNL9p
2021-04-28T10:19:21.116Z libp2p:dht:net:Qma53sqD added to the routing table: QmVuCXCDyCUiMZca6r27qwtbXBC8vAY5zDpwZDjYHCNL9p
2021-04-28T10:19:21.292Z libp2p:dht:query:QmVuCXCDyCUiMZca6r27qwtbXBC8vAY5zDpwZDjYHCNL9p:QmVuCXCD queue:work:done undefined undefined
2021-04-28T10:19:21.292Z libp2p:dht:query:QmVuCXCDyCUiMZca6r27qwtbXBC8vAY5zDpwZDjYHCNL9p:QmVuCXCD queue:work
2021-04-28T10:19:21.297Z libp2p:dht:query:QmVuCXCDyCUiMZca6r27qwtbXBC8vAY5zDpwZDjYHCNL9p:QmVuCXCD queue:work:done undefined undefined
2021-04-28T10:19:21.297Z libp2p:dht:query:QmVuCXCDyCUiMZca6r27qwtbXBC8vAY5zDpwZDjYHCNL9p:QmVuCXCD queue:work
2021-04-28T10:19:21.307Z libp2p:dht:query:QmVuCXCDyCUiMZca6r27qwtbXBC8vAY5zDpwZDjYHCNL9p:QmVuCXCD queue:work:done undefined undefined
2021-04-28T10:19:21.307Z libp2p:dht:query:QmVuCXCDyCUiMZca6r27qwtbXBC8vAY5zDpwZDjYHCNL9p:QmVuCXCD worker:stop, 0 workers still running
2021-04-28T10:19:21.307Z libp2p:dht:query:QmVuCXCDyCUiMZca6r27qwtbXBC8vAY5zDpwZDjYHCNL9p:QmVuCXCD query:done in 51621ms
2021-04-28T10:19:21.307Z libp2p:dht:query:QmVuCXCDyCUiMZca6r27qwtbXBC8vAY5zDpwZDjYHCNL9p:QmVuCXCD 0 of 24 peers errored (0% fail rate)
2021-04-28T10:19:21.352Z libp2p:dht:rpc:QmQ5Z91t from: QmVuCXCDyCUiMZca6r27qwtbXBC8vAY5zDpwZDjYHCNL9p
2021-04-28T10:19:21.354Z libp2p:dht:rpc:QmTU9xjX from: QmVuCXCDyCUiMZca6r27qwtbXBC8vAY5zDpwZDjYHCNL9p
2021-04-28T10:19:21.646Z libp2p:dht:rpc:Qmb51urv from: QmVuCXCDyCUiMZca6r27qwtbXBC8vAY5zDpwZDjYHCNL9p
2021-04-28T10:19:21.647Z libp2p:dht:rpc:Qma1xyt9 from: QmVuCXCDyCUiMZca6r27qwtbXBC8vAY5zDpwZDjYHCNL9p
2021-04-28T10:19:21.647Z libp2p:dht:rpc:QmTkqBsa from: QmVuCXCDyCUiMZca6r27qwtbXBC8vAY5zDpwZDjYHCNL9p
2021-04-28T10:19:21.648Z libp2p:dht:rpc:QmdKZyRB from: QmVuCXCDyCUiMZca6r27qwtbXBC8vAY5zDpwZDjYHCNL9p
2021-04-28T10:19:21.648Z libp2p:dht:rpc:QmYXdRwe from: QmVuCXCDyCUiMZca6r27qwtbXBC8vAY5zDpwZDjYHCNL9p
2021-04-28T10:19:21.648Z libp2p:dht:rpc:Qme66AfQ from: QmVuCXCDyCUiMZca6r27qwtbXBC8vAY5zDpwZDjYHCNL9p
2021-04-28T10:19:21.649Z libp2p:dht:rpc:QmUtWHg2 from: QmVuCXCDyCUiMZca6r27qwtbXBC8vAY5zDpwZDjYHCNL9p
2021-04-28T10:19:21.649Z libp2p:dht:rpc:QmS4nFMq from: QmVuCXCDyCUiMZca6r27qwtbXBC8vAY5zDpwZDjYHCNL9p
2021-04-28T10:19:21.650Z libp2p:dht:rpc:QmQLdEbu from: QmVuCXCDyCUiMZca6r27qwtbXBC8vAY5zDpwZDjYHCNL9p
2021-04-28T10:19:21.650Z libp2p:dht:rpc:Qma53sqD from: QmVuCXCDyCUiMZca6r27qwtbXBC8vAY5zDpwZDjYHCNL9p
2021-04-28T10:19:21.650Z libp2p:dht:rpc:QmStrdgq from: QmVuCXCDyCUiMZca6r27qwtbXBC8vAY5zDpwZDjYHCNL9p
2021-04-28T10:19:21.651Z libp2p:dht:rpc:Qmaa6KKG from: QmVuCXCDyCUiMZca6r27qwtbXBC8vAY5zDpwZDjYHCNL9p
2021-04-28T10:19:21.651Z libp2p:dht:rpc:Qmb5dkJN from: QmVuCXCDyCUiMZca6r27qwtbXBC8vAY5zDpwZDjYHCNL9p
2021-04-28T10:19:21.651Z libp2p:dht:rpc:QmVoK9bb from: QmVuCXCDyCUiMZca6r27qwtbXBC8vAY5zDpwZDjYHCNL9p
2021-04-28T10:19:21.652Z libp2p:dht:rpc:QmWtQC1M from: QmVuCXCDyCUiMZca6r27qwtbXBC8vAY5zDpwZDjYHCNL9p
2021-04-28T10:19:21.652Z libp2p:dht:rpc:QmTfL14E from: QmVuCXCDyCUiMZca6r27qwtbXBC8vAY5zDpwZDjYHCNL9p
2021-04-28T10:19:21.653Z libp2p:dht:rpc:QmR1TZ4J from: QmVuCXCDyCUiMZca6r27qwtbXBC8vAY5zDpwZDjYHCNL9p
2021-04-28T10:19:21.653Z libp2p:dht:rpc:QmRgdJzx from: QmVuCXCDyCUiMZca6r27qwtbXBC8vAY5zDpwZDjYHCNL9p
2021-04-28T10:19:21.653Z libp2p:dht:rpc:QmNqjRFR from: QmVuCXCDyCUiMZca6r27qwtbXBC8vAY5zDpwZDjYHCNL9p
2021-04-28T10:19:21.654Z libp2p:dht:rpc:QmP8PyjR from: QmVuCXCDyCUiMZca6r27qwtbXBC8vAY5zDpwZDjYHCNL9p
2021-04-28T10:19:21.762Z libp2p:dht:rpc:QmahC8eh from: QmVuCXCDyCUiMZca6r27qwtbXBC8vAY5zDpwZDjYHCNL9p
2021-04-28T10:19:21.909Z libp2p:dht:rpc:QmcaN3as from: QmVuCXCDyCUiMZca6r27qwtbXBC8vAY5zDpwZDjYHCNL9p
2021-04-28T10:19:21.911Z libp2p:dht:net:QmcaN3as added to the routing table: QmVuCXCDyCUiMZca6r27qwtbXBC8vAY5zDpwZDjYHCNL9p
2021-04-28T10:19:21.912Z libp2p:dht:rpc:QmS2rJKs from: QmVuCXCDyCUiMZca6r27qwtbXBC8vAY5zDpwZDjYHCNL9p
2021-04-28T10:19:21.913Z libp2p:dht:net:QmS2rJKs added to the routing table: QmVuCXCDyCUiMZca6r27qwtbXBC8vAY5zDpwZDjYHCNL9p
2021-04-28T10:19:21.952Z libp2p:dht:rpc:QmUespiQ from: QmVuCXCDyCUiMZca6r27qwtbXBC8vAY5zDpwZDjYHCNL9p
2021-04-28T10:19:21.953Z libp2p:dht:net:QmUespiQ added to the routing table: QmVuCXCDyCUiMZca6r27qwtbXBC8vAY5zDpwZDjYHCNL9p
2021-04-28T10:19:22.040Z libp2p:dht:rpc:QmeqH8YF from: QmVuCXCDyCUiMZca6r27qwtbXBC8vAY5zDpwZDjYHCNL9p
2021-04-28T10:19:22.042Z libp2p:dht:net:QmeqH8YF added to the routing table: QmVuCXCDyCUiMZca6r27qwtbXBC8vAY5zDpwZDjYHCNL9p
2021-04-28T10:19:22.055Z libp2p:dht:rpc:QmTkqBsa from: QmVuCXCDyCUiMZca6r27qwtbXBC8vAY5zDpwZDjYHCNL9p
2021-04-28T10:19:22.055Z libp2p:dht:rpc:Qmb51urv from: QmVuCXCDyCUiMZca6r27qwtbXBC8vAY5zDpwZDjYHCNL9p
2021-04-28T10:19:22.055Z libp2p:dht:rpc:Qma1xyt9 from: QmVuCXCDyCUiMZca6r27qwtbXBC8vAY5zDpwZDjYHCNL9p
2021-04-28T10:19:22.056Z libp2p:dht:rpc:QmWCsxiB from: QmVuCXCDyCUiMZca6r27qwtbXBC8vAY5zDpwZDjYHCNL9p
2021-04-28T10:19:22.056Z libp2p:dht:rpc:QmWtQC1M from: QmVuCXCDyCUiMZca6r27qwtbXBC8vAY5zDpwZDjYHCNL9p
2021-04-28T10:19:22.057Z libp2p:dht:rpc:QmNqjRFR from: QmVuCXCDyCUiMZca6r27qwtbXBC8vAY5zDpwZDjYHCNL9p
2021-04-28T10:19:22.057Z libp2p:dht:rpc:Qmb5dkJN from: QmVuCXCDyCUiMZca6r27qwtbXBC8vAY5zDpwZDjYHCNL9p
2021-04-28T10:19:22.057Z libp2p:dht:rpc:QmRgdJzx from: QmVuCXCDyCUiMZca6r27qwtbXBC8vAY5zDpwZDjYHCNL9p
2021-04-28T10:19:22.058Z libp2p:dht:rpc:QmS4nFMq from: QmVuCXCDyCUiMZca6r27qwtbXBC8vAY5zDpwZDjYHCNL9p
2021-04-28T10:19:22.058Z libp2p:dht:rpc:QmR1TZ4J from: QmVuCXCDyCUiMZca6r27qwtbXBC8vAY5zDpwZDjYHCNL9p
2021-04-28T10:19:22.058Z libp2p:dht:rpc:QmYXdRwe from: QmVuCXCDyCUiMZca6r27qwtbXBC8vAY5zDpwZDjYHCNL9p
2021-04-28T10:19:22.059Z libp2p:dht:rpc:QmQLdEbu from: QmVuCXCDyCUiMZca6r27qwtbXBC8vAY5zDpwZDjYHCNL9p
2021-04-28T10:19:22.059Z libp2p:dht:rpc:Qmaa6KKG from: QmVuCXCDyCUiMZca6r27qwtbXBC8vAY5zDpwZDjYHCNL9p
2021-04-28T10:19:22.060Z libp2p:dht:rpc:QmUtWHg2 from: QmVuCXCDyCUiMZca6r27qwtbXBC8vAY5zDpwZDjYHCNL9p
2021-04-28T10:19:22.060Z libp2p:dht:rpc:Qma53sqD from: QmVuCXCDyCUiMZca6r27qwtbXBC8vAY5zDpwZDjYHCNL9p
2021-04-28T10:19:22.060Z libp2p:dht:rpc:Qme66AfQ from: QmVuCXCDyCUiMZca6r27qwtbXBC8vAY5zDpwZDjYHCNL9p
2021-04-28T10:19:22.061Z libp2p:dht:rpc:QmVoK9bb from: QmVuCXCDyCUiMZca6r27qwtbXBC8vAY5zDpwZDjYHCNL9p
2021-04-28T10:19:22.061Z libp2p:dht:rpc:QmStrdgq from: QmVuCXCDyCUiMZca6r27qwtbXBC8vAY5zDpwZDjYHCNL9p
2021-04-28T10:19:22.061Z libp2p:dht:rpc:QmQ5Z91t from: QmVuCXCDyCUiMZca6r27qwtbXBC8vAY5zDpwZDjYHCNL9p
2021-04-28T10:19:22.062Z libp2p:dht:rpc:QmTfL14E from: QmVuCXCDyCUiMZca6r27qwtbXBC8vAY5zDpwZDjYHCNL9p
2021-04-28T10:19:22.134Z libp2p:dht:rpc:QmdKZyRB from: QmVuCXCDyCUiMZca6r27qwtbXBC8vAY5zDpwZDjYHCNL9p
2021-04-28T10:19:22.135Z libp2p:dht:rpc:QmP8PyjR from: QmVuCXCDyCUiMZca6r27qwtbXBC8vAY5zDpwZDjYHCNL9p
2021-04-28T10:19:22.135Z libp2p:dht:rpc:QmahC8eh from: QmVuCXCDyCUiMZca6r27qwtbXBC8vAY5zDpwZDjYHCNL9p
2021-04-28T10:19:22.136Z libp2p:dht:rpc:QmWoXD3Z from: QmVuCXCDyCUiMZca6r27qwtbXBC8vAY5zDpwZDjYHCNL9p
2021-04-28T10:19:22.136Z libp2p:dht:rpc:QmauFRjt from: QmVuCXCDyCUiMZca6r27qwtbXBC8vAY5zDpwZDjYHCNL9p
2021-04-28T10:19:22.137Z libp2p:dht:rpc:QmXQvh6N from: QmVuCXCDyCUiMZca6r27qwtbXBC8vAY5zDpwZDjYHCNL9p
2021-04-28T10:19:22.137Z libp2p:dht:rpc:QmS76Mi7 from: QmVuCXCDyCUiMZca6r27qwtbXBC8vAY5zDpwZDjYHCNL9p
2021-04-28T10:19:22.138Z libp2p:dht:rpc:QmcsvRu1 from: QmVuCXCDyCUiMZca6r27qwtbXBC8vAY5zDpwZDjYHCNL9p
2021-04-28T10:19:22.138Z libp2p:dht:rpc:Qmea25RW from: QmVuCXCDyCUiMZca6r27qwtbXBC8vAY5zDpwZDjYHCNL9p
2021-04-28T10:19:22.138Z libp2p:dht:rpc:QmeTfWLA from: QmVuCXCDyCUiMZca6r27qwtbXBC8vAY5zDpwZDjYHCNL9p
2021-04-28T10:19:22.139Z libp2p:dht:rpc:QmTU9xjX from: QmVuCXCDyCUiMZca6r27qwtbXBC8vAY5zDpwZDjYHCNL9p
2021-04-28T10:19:22.145Z libp2p:dht:rpc:QmcaN3as from: QmVuCXCDyCUiMZca6r27qwtbXBC8vAY5zDpwZDjYHCNL9p
2021-04-28T10:19:22.145Z libp2p:dht:rpc:QmUespiQ from: QmVuCXCDyCUiMZca6r27qwtbXBC8vAY5zDpwZDjYHCNL9p
2021-04-28T10:19:22.145Z libp2p:dht:rpc:QmS2rJKs from: QmVuCXCDyCUiMZca6r27qwtbXBC8vAY5zDpwZDjYHCNL9p
2021-04-28T10:19:22.146Z libp2p:dht:rpc:QmeqH8YF from: QmVuCXCDyCUiMZca6r27qwtbXBC8vAY5zDpwZDjYHCNL9p
2021-04-28T10:19:22.307Z libp2p:dht:rpc:QmZMUZ2W from: QmVuCXCDyCUiMZca6r27qwtbXBC8vAY5zDpwZDjYHCNL9p
2021-04-28T10:19:22.308Z libp2p:dht:net:QmZMUZ2W added to the routing table: QmVuCXCDyCUiMZca6r27qwtbXBC8vAY5zDpwZDjYHCNL9p
2021-04-28T10:19:22.309Z libp2p:dht:rpc:QmYsZNCb from: QmVuCXCDyCUiMZca6r27qwtbXBC8vAY5zDpwZDjYHCNL9p
2021-04-28T10:19:22.310Z libp2p:dht:net:QmYsZNCb added to the routing table: QmVuCXCDyCUiMZca6r27qwtbXBC8vAY5zDpwZDjYHCNL9p
2021-04-28T10:19:22.348Z libp2p:dht:rpc:QmU2LxUq from: QmVuCXCDyCUiMZca6r27qwtbXBC8vAY5zDpwZDjYHCNL9p
2021-04-28T10:19:22.350Z libp2p:dht:net:QmU2LxUq added to the routing table: QmVuCXCDyCUiMZca6r27qwtbXBC8vAY5zDpwZDjYHCNL9p
